  stdafx.cpp
  btVector3.cpp
c:\bulletsharp\bulletsharppinvoke\libbulletc-windows\src\linearmath\btvector3.cpp(179): warning C4267: '=': conversion from 'size_t' to 'long', possible loss of data
c:\bulletsharp\bulletsharppinvoke\libbulletc-windows\src\linearmath\btvector3.cpp(184): warning C4267: '-=': conversion from 'size_t' to 'unsigned long', possible loss of data
c:\bulletsharp\bulletsharppinvoke\libbulletc-windows\src\linearmath\btvector3.cpp(427): warning C4267: '=': conversion from 'size_t' to 'long', possible loss of data
c:\bulletsharp\bulletsharppinvoke\libbulletc-windows\src\linearmath\btvector3.cpp(564): warning C4267: '=': conversion from 'size_t' to 'long', possible loss of data
c:\bulletsharp\bulletsharppinvoke\libbulletc-windows\src\linearmath\btvector3.cpp(569): warning C4267: '-=': conversion from 'size_t' to 'unsigned long', possible loss of data
c:\bulletsharp\bulletsharppinvoke\libbulletc-windows\src\linearmath\btvector3.cpp(815): warning C4267: '=': conversion from 'size_t' to 'long', possible loss of data
  btSerializer.cpp
  btQuickprof.cpp
  btPolarDecomposition.cpp
  btGeometryUtil.cpp
  btConvexHullComputer.cpp
  btConvexHull.cpp
  btAlignedAllocator.cpp
  btSoftSoftCollisionAlgorithm.cpp
  btSoftRigidDynamicsWorld.cpp
  btSoftRigidCollisionAlgorithm.cpp
  btSoftBodyRigidBodyCollisionConfiguration.cpp
  btSoftBodyHelpers.cpp
c:\bulletsharp\bulletsharppinvoke\libbulletc-windows\src\bulletsoftbody\btsoftbodyhelpers.cpp(572): warning C4244: '=': conversion from '__int64' to 'int', possible loss of data
c:\bulletsharp\bulletsharppinvoke\libbulletc-windows\src\bulletsoftbody\btsoftbodyhelpers.cpp(573): warning C4244: '=': conversion from '__int64' to 'int', possible loss of data
  btSoftBodyConcaveCollisionAlgorithm.cpp
  btSoftBody.cpp
c:\bulletsharp\bulletsharppinvoke\libbulletc-windows\src\bulletsoftbody\btsoftbody.cpp(3340): warning C4244: '=': conversion from '__int64' to 'int', possible loss of data
c:\bulletsharp\bulletsharppinvoke\libbulletc-windows\src\bulletsoftbody\btsoftbody.cpp(3341): warning C4244: '=': conversion from '__int64' to 'int', possible loss of data
c:\bulletsharp\bulletsharppinvoke\libbulletc-windows\src\bulletsoftbody\btsoftbody.cpp(3365): warning C4244: '=': conversion from '__int64' to 'int', possible loss of data
c:\bulletsharp\bulletsharppinvoke\libbulletc-windows\src\bulletsoftbody\btsoftbody.cpp(3386): warning C4244: '=': conversion from '__int64' to 'int', possible loss of data
c:\bulletsharp\bulletsharppinvoke\libbulletc-windows\src\bulletsoftbody\btsoftbody.cpp(3410): warning C4244: '=': conversion from '__int64' to 'int', possible loss of data
  btDefaultSoftBodySolver.cpp
  btWheelInfo.cpp
  btRaycastVehicle.cpp
c:\bulletsharp\bulletsharppinvoke\libbulletc-windows\src\bulletdynamics\constraintsolver\btcontactconstraint.h(25): warning C4359: 'btContactConstraint': Alignment specifier is less than actual alignment (128), and will be ignored.
  btMLCPSolver.cpp
c:\bulletsharp\bulletsharppinvoke\libbulletc-windows\src\bulletdynamics\mlcpsolvers\btmlcpsolver.cpp(27): warning C4305: 'initializing': truncation from 'double' to 'btScalar'
  btLemkeAlgorithm.cpp
  Generating Code...
  Compiling...
  btDantzigLCP.cpp
c:\bulletsharp\bulletsharppinvoke\libbulletc-windows\src\bulletdynamics\mlcpsolvers\btdantziglcp.cpp(1568): warning C4473: 'printf' : not enough arguments passed for format string
  c:\bulletsharp\bulletsharppinvoke\libbulletc-windows\src\bulletdynamics\mlcpsolvers\btdantziglcp.cpp(1568): note: placeholders and their parameters expect 2 variadic arguments, but 1 were provided
  c:\bulletsharp\bulletsharppinvoke\libbulletc-windows\src\bulletdynamics\mlcpsolvers\btdantziglcp.cpp(1568): note: the missing variadic argument 2 is required by format string '% s'
  btMultiBodyPoint2Point.cpp
c:\bulletsharp\bulletsharppinvoke\libbulletc-windows\src\bulletdynamics\featherstone\btmultibodypoint2point.cpp(200): warning C4305: 'argument': truncation from 'double' to 'btScalar'
c:\bulletsharp\bulletsharppinvoke\libbulletc-windows\src\bulletdynamics\featherstone\btmultibodypoint2point.cpp(206): warning C4305: 'argument': truncation from 'double' to 'btScalar'
c:\bulletsharp\bulletsharppinvoke\libbulletc-windows\src\bulletdynamics\featherstone\btmultibodypoint2point.cpp(213): warning C4305: 'argument': truncation from 'double' to 'btScalar'
c:\bulletsharp\bulletsharppinvoke\libbulletc-windows\src\bulletdynamics\featherstone\btmultibodypoint2point.cpp(219): warning C4305: 'argument': truncation from 'double' to 'btScalar'
  btMultiBodyJointMotor.cpp
  btMultiBodyJointLimitConstraint.cpp
c:\bulletsharp\bulletsharppinvoke\libbulletc-windows\src\bulletdynamics\featherstone\btmultibodyjointlimitconstraint.cpp(114): warning C4244: 'initializing': conversion from 'int' to 'btScalar', possible loss of data
  btMultiBodyDynamicsWorld.cpp
c:\bulletsharp\bulletsharppinvoke\libbulletc-windows\src\bulletdynamics\featherstone\btmultibodydynamicsworld.cpp(842): warning C4305: 'argument': truncation from 'double' to 'btScalar'
c:\bulletsharp\bulletsharppinvoke\libbulletc-windows\src\bulletdynamics\featherstone\btmultibodydynamicsworld.cpp(850): warning C4305: 'argument': truncation from 'double' to 'btScalar'
  btMultiBodyConstraintSolver.cpp
  btMultiBodyConstraint.cpp
  btMultiBody.cpp
  btSimpleDynamicsWorld.cpp
  btRigidBody.cpp
  btDiscreteDynamicsWorld.cpp
c:\bulletsharp\bulletsharppinvoke\libbulletc-windows\src\bulletdynamics\constraintsolver\btcontactconstraint.h(25): warning C4359: 'btContactConstraint': Alignment specifier is less than actual alignment (128), and will be ignored.
  btUniversalConstraint.cpp
  btTypedConstraint.cpp
  btSolve2LinearConstraint.cpp
  btSliderConstraint.cpp
  btSequentialImpulseConstraintSolver.cpp
  btPoint2PointConstraint.cpp
  btNNCGConstraintSolver.cpp
  btHingeConstraint.cpp
c:\bulletsharp\bulletsharppinvoke\libbulletc-windows\src\bulletdynamics\constraintsolver\bthingeconstraint.cpp(320): warning C4305: 'initializing': truncation from 'double' to 'btScalar'
  btHinge2Constraint.cpp
  Generating Code...
  Compiling...
  btGeneric6DofSpringConstraint.cpp
  btGeneric6DofSpring2Constraint.cpp
c:\bulletsharp\bulletsharppinvoke\libbulletc-windows\src\bulletdynamics\constraintsolver\btgeneric6dofspring2constraint.cpp(786): warning C4244: 'initializing': conversion from 'double' to 'btScalar', possible loss of data
  btGeneric6DofConstraint.cpp
  btGearConstraint.cpp
  btFixedConstraint.cpp
  btContactConstraint.cpp
c:\bulletsharp\bulletsharppinvoke\libbulletc-windows\src\bulletdynamics\constraintsolver\btcontactconstraint.h(25): warning C4359: 'btContactConstraint': Alignment specifier is less than actual alignment (128), and will be ignored.
  btConeTwistConstraint.cpp
c:\bulletsharp\bulletsharppinvoke\libbulletc-windows\src\bulletdynamics\constraintsolver\btconetwistconstraint.cpp(868): warning C4244: '=': conversion from 'double' to 'btScalar', possible loss of data
c:\bulletsharp\bulletsharppinvoke\libbulletc-windows\src\bulletdynamics\constraintsolver\btconetwistconstraint.cpp(913): warning C4244: '=': conversion from 'double' to 'float', possible loss of data
c:\bulletsharp\bulletsharppinvoke\libbulletc-windows\src\bulletdynamics\constraintsolver\btconetwistconstraint.cpp(973): warning C4244: '=': conversion from 'double' to 'btScalar', possible loss of data
c:\bulletsharp\bulletsharppinvoke\libbulletc-windows\src\bulletdynamics\constraintsolver\btconetwistconstraint.cpp(975): warning C4244: '=': conversion from 'double' to 'btScalar', possible loss of data
  btKinematicCharacterController.cpp
c:\bulletsharp\bulletsharppinvoke\libbulletc-windows\src\bulletdynamics\character\btkinematiccharactercontroller.cpp(138): warning C4305: '=': truncation from 'double' to 'btScalar'
c:\bulletsharp\bulletsharppinvoke\libbulletc-windows\src\bulletdynamics\character\btkinematiccharactercontroller.cpp(149): warning C4305: '=': truncation from 'double' to 'btScalar'
  btVoronoiSimplexSolver.cpp
  btSubSimplexConvexCast.cpp
  btRaycastCallback.cpp
  btPolyhedralContactClipping.cpp
  btPersistentManifold.cpp
  btMinkowskiPenetrationDepthSolver.cpp
  btGjkPairDetector.cpp
  btGjkEpaPenetrationDepthSolver.cpp
  btGjkEpa2.cpp
  btGjkConvexCast.cpp
  btConvexCast.cpp
  btContinuousConvexCollision.cpp
  Generating Code...
  Compiling...
  gim_tri_collision.cpp
  gim_memory.cpp
  gim_contact.cpp
  gim_box_set.cpp
  btTriangleShapeEx.cpp
  btGImpactShape.cpp
  btGImpactQuantizedBvh.cpp
  btGImpactCollisionAlgorithm.cpp
  btGImpactBvh.cpp
  btGenericPoolAllocator.cpp
  btContactProcessing.cpp
  btUniformScalingShape.cpp
  btTriangleMeshShape.cpp
  btTriangleMesh.cpp
  btTriangleIndexVertexMaterialArray.cpp
  btTriangleIndexVertexArray.cpp
  btTriangleCallback.cpp
  btTriangleBuffer.cpp
  btTetrahedronShape.cpp
  btStridingMeshInterface.cpp
  Generating Code...
  Compiling...
  btStaticPlaneShape.cpp
  btSphereShape.cpp
  btShapeHull.cpp
  btScaledBvhTriangleMeshShape.cpp
  btPolyhedralConvexShape.cpp
  btOptimizedBvh.cpp
  btMultiSphereShape.cpp
  btMultimaterialTriangleMeshShape.cpp
  btMinkowskiSumShape.cpp
  btHeightfieldTerrainShape.cpp
  btEmptyShape.cpp
  btCylinderShape.cpp
  btConvexTriangleMeshShape.cpp
  btConvexShape.cpp
  btConvexPolyhedron.cpp
  btConvexPointCloudShape.cpp
  btConvexInternalShape.cpp
  btConvexHullShape.cpp
  btConvex2dShape.cpp
  btConeShape.cpp
  Generating Code...
  Compiling...
  btConcaveShape.cpp
  btCompoundShape.cpp
  btCollisionShape.cpp
  btCapsuleShape.cpp
  btBvhTriangleMeshShape.cpp
  btBoxShape.cpp
  btBox2dShape.cpp
  SphereTriangleDetector.cpp
  btUnionFind.cpp
  btSphereTriangleCollisionAlgorithm.cpp
  btSphereSphereCollisionAlgorithm.cpp
  btSphereBoxCollisionAlgorithm.cpp
  btSimulationIslandManager.cpp
  btManifoldResult.cpp
  btInternalEdgeUtility.cpp
  btHashedSimplePairCache.cpp
  btGhostObject.cpp
  btEmptyCollisionAlgorithm.cpp
  btDefaultCollisionConfiguration.cpp
  btConvexPlaneCollisionAlgorithm.cpp
  Generating Code...
  Compiling...
  btConvexConvexAlgorithm.cpp
  btConvexConcaveCollisionAlgorithm.cpp
  btConvex2dConvex2dAlgorithm.cpp
  btCompoundCompoundCollisionAlgorithm.cpp
  btCompoundCollisionAlgorithm.cpp
  btCollisionWorldImporter.cpp
  btCollisionWorld.cpp
  btCollisionObject.cpp
  btCollisionDispatcher.cpp
  btBoxBoxDetector.cpp
  btBoxBoxCollisionAlgorithm.cpp
  btBox2dBox2dCollisionAlgorithm.cpp
  btActivatingCollisionAlgorithm.cpp
  btSimpleBroadphase.cpp
  btQuantizedBvh.cpp
  btOverlappingPairCache.cpp
  btMultiSapBroadphase.cpp
  btDispatcher.cpp
  btDbvtBroadphase.cpp
  btDbvt.cpp
  Generating Code...
  Compiling...
  btCollisionAlgorithm.cpp
  btBroadphaseProxy.cpp
  btAxisSweep3.cpp
  hacdHACD_wrap.cpp
  collections.cpp
  btWorldImporter_wrap.cpp
  btWheelInfo_wrap.cpp
  btVoronoiSimplexSolver_wrap.cpp
  btVehicleRaycaster_wrap.cpp
  btUniversalConstraint_wrap.cpp
  btUnionFind_wrap.cpp
  btUniformScalingShape_wrap.cpp
  btTypedConstraint_wrap.cpp
  btTriangleShape_wrap.cpp
  btTriangleMesh_wrap.cpp
  btTriangleMeshShape_wrap.cpp
  btTriangleInfoMap_wrap.cpp
  btTriangleIndexVertexMaterialArray_wrap.cpp
  btTriangleIndexVertexArray_wrap.cpp
  btTriangleCallback_wrap.cpp
  Generating Code...
  Compiling...
  btTriangleBuffer_wrap.cpp
  btTransformUtil_wrap.cpp
  btTetrahedronShape_wrap.cpp
  btStridingMeshInterface_wrap.cpp
  btStaticPlaneShape_wrap.cpp
  btSphereTriangleCollisionAlgorithm_wrap.cpp
  btSphereSphereCollisionAlgorithm_wrap.cpp
  btSphereShape_wrap.cpp
  btSphereBoxCollisionAlgorithm_wrap.cpp
  btSparseSdf3_wrap.cpp
  btSoftSoftCollisionAlgorithm_wrap.cpp
  btSoftRigidDynamicsWorld_wrap.cpp
  btSoftRigidCollisionAlgorithm_wrap.cpp
  btSoftBody_wrap.cpp
c:\bulletsharp\bulletsharppinvoke\libbulletc-windows\libbulletc\btsoftbody_wrap.cpp(3280): warning C4506: no definition for inline function 'btScalar btSoftBody::RayFromToCaster::rayFromToTriangle(const btVector3 &,const btVector3 &,const btVector3 &,const btVector3 &,const btVector3 &,const btVector3 &,btScalar)'
  btSoftBodySolvers_wrap.cpp
  btSoftBodyRigidBodyCollisionConfiguration_wrap.cpp
  btSoftBodyHelpers_wrap.cpp
  btSoftBodyConcaveCollisionAlgorithm_wrap.cpp
  btSliderConstraint_wrap.cpp
  btSimulationIslandManager_wrap.cpp
  Generating Code...
  Compiling...
  btShapeHull_wrap.cpp
  btSerializer_wrap.cpp
  btSequentialImpulseConstraintSolver_wrap.cpp
  btScaledBvhTriangleMeshShape_wrap.cpp
  btRigidBody_wrap.cpp
  btRaycastVehicle_wrap.cpp
  btQuantizedBvh_wrap.cpp
  btPolyhedralConvexShape_wrap.cpp
  btPolarDecomposition_wrap.cpp
  btPointCollector_wrap.cpp
  btPoint2PointConstraint_wrap.cpp
  btPersistentManifold_wrap.cpp
  btOverlappingPairCallback_wrap.cpp
  btOverlappingPairCache_wrap.cpp
  btOptimizedBvh_wrap.cpp
  btNNCGConstraintSolver_wrap.cpp
  btMultiSphereShape_wrap.cpp
  btMultimaterialTriangleMeshShape_wrap.cpp
  btMultiBody_wrap.cpp
  btMultiBodySolverConstraint_wrap.cpp
  Generating Code...
  Compiling...
  btMultiBodyPoint2Point_wrap.cpp
  btMultiBodyLink_wrap.cpp
  btMultiBodyLinkCollider_wrap.cpp
  btMultiBodyJointMotor_wrap.cpp
  btMultiBodyJointLimitConstraint_wrap.cpp
  btMultiBodyDynamicsWorld_wrap.cpp
  btMultiBodyConstraint_wrap.cpp
  btMultiBodyConstraintSolver_wrap.cpp
  btMotionState_wrap.cpp
  btMLCPSolver_wrap.cpp
  btMLCPSolverInterface_wrap.cpp
  btMinkowskiSumShape_wrap.cpp
  btMinkowskiPenetrationDepthSolver_wrap.cpp
  btManifoldResult_wrap.cpp
  btManifoldPoint_wrap.cpp
  btLemkeSolver_wrap.cpp
  btKinematicCharacterController_wrap.cpp
  btIDebugDraw_wrap.cpp
  btHingeConstraint_wrap.cpp
  btHinge2Constraint_wrap.cpp
  Generating Code...
  Compiling...
  btHeightfieldTerrainShape_wrap.cpp
  btGjkPairDetector_wrap.cpp
  btGjkEpaPenetrationDepthSolver_wrap.cpp
  btGjkConvexCast_wrap.cpp
  btGImpactShape_wrap.cpp
  btGImpactQuantizedBvh_wrap.cpp
  btGImpactCollisionAlgorithm_wrap.cpp
  btGImpactBvh_wrap.cpp
  btGhostObject_wrap.cpp
  btGeometryUtil_wrap.cpp
  btGeneric6DofSpringConstraint_wrap.cpp
  btGeneric6DofSpring2Constraint_wrap.cpp
  btGeneric6DofConstraint_wrap.cpp
  btGearConstraint_wrap.cpp
  btFixedConstraint_wrap.cpp
  btEmptyShape_wrap.cpp
  btEmptyCollisionAlgorithm_wrap.cpp
  btDynamicsWorld_wrap.cpp
  btDispatcher_wrap.cpp
  btDiscreteDynamicsWorld_wrap.cpp
  Generating Code...
  Compiling...
  btDiscreteCollisionDetectorInterface_wrap.cpp
  btDefaultSoftBodySolver_wrap.cpp
  btDefaultMotionState_wrap.cpp
  btDefaultCollisionConfiguration_wrap.cpp
  btDbvt_wrap.cpp
  btDbvtBroadphase_wrap.cpp
  btDantzigSolver_wrap.cpp
  btCylinderShape_wrap.cpp
  btCpuFeatureUtility_wrap.cpp
  btConvexTriangleMeshShape_wrap.cpp
  btConvexShape_wrap.cpp
  btConvexPolyhedron_wrap.cpp
  btConvexPointCloudShape_wrap.cpp
  btConvexPlaneCollisionAlgorithm_wrap.cpp
  btConvexPenetrationDepthSolver_wrap.cpp
  btConvexInternalShape_wrap.cpp
  btConvexHullShape_wrap.cpp
  btConvexConvexAlgorithm_wrap.cpp
  btConvexConcaveCollisionAlgorithm_wrap.cpp
  btConvexCast_wrap.cpp
  Generating Code...
  Compiling...
  btConvex2dShape_wrap.cpp
  btConvex2dConvex2dAlgorithm_wrap.cpp
  btContinuousConvexCollision_wrap.cpp
  btContactSolverInfo_wrap.cpp
  btContactConstraint_wrap.cpp
  btConstraintSolver_wrap.cpp
  btConeTwistConstraint_wrap.cpp
  btConeShape_wrap.cpp
  btConcaveShape_wrap.cpp
  btCompoundShape_wrap.cpp
  btCompoundFromGimpact_wrap.cpp
  btCompoundCompoundCollisionAlgorithm_wrap.cpp
  btCompoundCollisionAlgorithm_wrap.cpp
  btCollisionWorld_wrap.cpp
  btCollisionShape_wrap.cpp
  btCollisionObject_wrap.cpp
  btCollisionObjectWrapper_wrap.cpp
  btCollisionDispatcher_wrap.cpp
  btCollisionCreateFunc_wrap.cpp
  btCollisionConfiguration_wrap.cpp
  Generating Code...
  Compiling...
  btCollisionAlgorithm_wrap.cpp
  btCharacterControllerInterface_wrap.cpp
  btCapsuleShape_wrap.cpp
  btBvhTriangleMeshShape_wrap.cpp
  btBulletXmlWorldImporter_wrap.cpp
  btBulletWorldImporter_wrap.cpp
  btBulletFile_wrap.cpp
  btBroadphaseProxy_wrap.cpp
  btBroadphaseInterface_wrap.cpp
  btBoxShape_wrap.cpp
  btBoxCollision_wrap.cpp
  btBoxBoxDetector_wrap.cpp
  btBoxBoxCollisionAlgorithm_wrap.cpp
  btBox2dShape_wrap.cpp
  btBox2dBox2dCollisionAlgorithm_wrap.cpp
  btAxisSweep3_wrap.cpp
  btAlignedObjectArray_wrap.cpp
  btActionInterface_wrap.cpp
  tinyxmlparser.cpp
  tinyxmlerror.cpp
  Generating Code...
  Compiling...
  tinyxml.cpp
  tinystr.cpp
  string_split.cpp
c:\bulletsharp\bulletsharppinvoke\libbulletc-windows\extras\serialize\bulletxmlworldimporter\string_split.cpp(31): warning C4267: 'initializing': conversion from 'size_t' to 'int', possible loss of data
  btBulletXmlWorldImporter.cpp
c:\bulletsharp\bulletsharppinvoke\libbulletc-windows\extras\serialize\bulletxmlworldimporter\btbulletxmlworldimporter.cpp(236): warning C4312: 'type cast': conversion from 'int' to 'btVector3FloatData *' of greater size
c:\bulletsharp\bulletsharppinvoke\libbulletc-windows\extras\serialize\bulletxmlworldimporter\btbulletxmlworldimporter.cpp(237): warning C4312: 'type cast': conversion from 'int' to 'btVector3DoubleData *' of greater size
c:\bulletsharp\bulletsharppinvoke\libbulletc-windows\extras\serialize\bulletxmlworldimporter\btbulletxmlworldimporter.cpp(241): warning C4312: 'type cast': conversion from 'int' to 'void *' of greater size
c:\bulletsharp\bulletsharppinvoke\libbulletc-windows\extras\serialize\bulletxmlworldimporter\btbulletxmlworldimporter.cpp(265): warning C4312: 'type cast': conversion from 'int' to 'btCollisionShapeData *' of greater size
c:\bulletsharp\bulletsharppinvoke\libbulletc-windows\extras\serialize\bulletxmlworldimporter\btbulletxmlworldimporter.cpp(295): warning C4312: 'type cast': conversion from 'int' to 'void *' of greater size
c:\bulletsharp\bulletsharppinvoke\libbulletc-windows\extras\serialize\bulletxmlworldimporter\btbulletxmlworldimporter.cpp(322): warning C4312: 'type cast': conversion from 'int' to 'btCompoundShapeChildData *' of greater size
c:\bulletsharp\bulletsharppinvoke\libbulletc-windows\extras\serialize\bulletxmlworldimporter\btbulletxmlworldimporter.cpp(331): warning C4312: 'type cast': conversion from 'int' to 'void *' of greater size
c:\bulletsharp\bulletsharppinvoke\libbulletc-windows\extras\serialize\bulletxmlworldimporter\btbulletxmlworldimporter.cpp(351): warning C4312: 'type cast': conversion from 'int' to 'void *' of greater size
c:\bulletsharp\bulletsharppinvoke\libbulletc-windows\extras\serialize\bulletxmlworldimporter\btbulletxmlworldimporter.cpp(385): warning C4312: 'type cast': conversion from 'int' to 'void *' of greater size
c:\bulletsharp\bulletsharppinvoke\libbulletc-windows\extras\serialize\bulletxmlworldimporter\btbulletxmlworldimporter.cpp(416): warning C4312: 'type cast': conversion from 'int' to 'btRigidBodyFloatData *' of greater size
c:\bulletsharp\bulletsharppinvoke\libbulletc-windows\extras\serialize\bulletxmlworldimporter\btbulletxmlworldimporter.cpp(417): warning C4312: 'type cast': conversion from 'int' to 'btRigidBodyFloatData *' of greater size
c:\bulletsharp\bulletsharppinvoke\libbulletc-windows\extras\serialize\bulletxmlworldimporter\btbulletxmlworldimporter.cpp(442): warning C4312: 'type cast': conversion from 'int' to 'void *' of greater size
c:\bulletsharp\bulletsharppinvoke\libbulletc-windows\extras\serialize\bulletxmlworldimporter\btbulletxmlworldimporter.cpp(460): warning C4312: 'type cast': conversion from 'int' to 'void *' of greater size
c:\bulletsharp\bulletsharppinvoke\libbulletc-windows\extras\serialize\bulletxmlworldimporter\btbulletxmlworldimporter.cpp(509): warning C4312: 'type cast': conversion from 'int' to 'void *' of greater size
c:\bulletsharp\bulletsharppinvoke\libbulletc-windows\extras\serialize\bulletxmlworldimporter\btbulletxmlworldimporter.cpp(654): warning C4312: 'type cast': conversion from 'int' to 'void *' of greater size
  btWorldImporter.cpp
c:\bulletsharp\bulletsharppinvoke\libbulletc-windows\extras\serialize\bulletworldimporter\btworldimporter.cpp(1000): warning C4800: 'char': forcing value to bool 'true' or 'false' (performance warning)
c:\bulletsharp\bulletsharppinvoke\libbulletc-windows\extras\serialize\bulletworldimporter\btworldimporter.cpp(1004): warning C4800: 'char': forcing value to bool 'true' or 'false' (performance warning)
c:\bulletsharp\bulletsharppinvoke\libbulletc-windows\extras\serialize\bulletworldimporter\btworldimporter.cpp(1007): warning C4800: 'char': forcing value to bool 'true' or 'false' (performance warning)
c:\bulletsharp\bulletsharppinvoke\libbulletc-windows\extras\serialize\bulletworldimporter\btworldimporter.cpp(1278): warning C4244: 'argument': conversion from 'double' to 'btScalar', possible loss of data
c:\bulletsharp\bulletsharppinvoke\libbulletc-windows\extras\serialize\bulletworldimporter\btworldimporter.cpp(1327): warning C4800: 'char': forcing value to bool 'true' or 'false' (performance warning)
c:\bulletsharp\bulletsharppinvoke\libbulletc-windows\extras\serialize\bulletworldimporter\btworldimporter.cpp(1327): warning C4244: 'argument': conversion from 'double' to 'btScalar', possible loss of data
c:\bulletsharp\bulletsharppinvoke\libbulletc-windows\extras\serialize\bulletworldimporter\btworldimporter.cpp(1328): warning C4244: 'argument': conversion from 'double' to 'btScalar', possible loss of data
c:\bulletsharp\bulletsharppinvoke\libbulletc-windows\extras\serialize\bulletworldimporter\btworldimporter.cpp(1330): warning C4800: 'char': forcing value to bool 'true' or 'false' (performance warning)
c:\bulletsharp\bulletsharppinvoke\libbulletc-windows\extras\serialize\bulletworldimporter\btworldimporter.cpp(1330): warning C4244: 'argument': conversion from 'double' to 'btScalar', possible loss of data
c:\bulletsharp\bulletsharppinvoke\libbulletc-windows\extras\serialize\bulletworldimporter\btworldimporter.cpp(1334): warning C4800: 'char': forcing value to bool 'true' or 'false' (performance warning)
c:\bulletsharp\bulletsharppinvoke\libbulletc-windows\extras\serialize\bulletworldimporter\btworldimporter.cpp(1334): warning C4244: 'argument': conversion from 'double' to 'btScalar', possible loss of data
c:\bulletsharp\bulletsharppinvoke\libbulletc-windows\extras\serialize\bulletworldimporter\btworldimporter.cpp(1335): warning C4244: 'argument': conversion from 'double' to 'btScalar', possible loss of data
c:\bulletsharp\bulletsharppinvoke\libbulletc-windows\extras\serialize\bulletworldimporter\btworldimporter.cpp(1337): warning C4800: 'char': forcing value to bool 'true' or 'false' (performance warning)
c:\bulletsharp\bulletsharppinvoke\libbulletc-windows\extras\serialize\bulletworldimporter\btworldimporter.cpp(1337): warning C4244: 'argument': conversion from 'double' to 'btScalar', possible loss of data
  btBulletWorldImporter.cpp
  btBulletFile.cpp
  bFile.cpp
c:\bulletsharp\bulletsharppinvoke\libbulletc-windows\extras\serialize\bulletfileloader\bfile.cpp(34): warning C4267: 'initializing': conversion from 'size_t' to 'int', possible loss of data
c:\bulletsharp\bulletsharppinvoke\libbulletc-windows\extras\serialize\bulletfileloader\bfile.cpp(464): warning C4311: 'type cast': pointer truncation from 'char *' to 'long'
c:\bulletsharp\bulletsharppinvoke\libbulletc-windows\extras\serialize\bulletfileloader\bfile.cpp(464): warning C4302: 'type cast': truncation from 'char *' to 'long'
c:\bulletsharp\bulletsharppinvoke\libbulletc-windows\extras\serialize\bulletfileloader\bfile.cpp(501): warning C4311: 'type cast': pointer truncation from 'char *' to 'long'
c:\bulletsharp\bulletsharppinvoke\libbulletc-windows\extras\serialize\bulletfileloader\bfile.cpp(501): warning C4302: 'type cast': truncation from 'char *' to 'long'
c:\bulletsharp\bulletsharppinvoke\libbulletc-windows\extras\serialize\bulletfileloader\bfile.cpp(1305): warning C4477: 'printf' : format string '%d' requires an argument of type 'int', but variadic argument 1 has type 'void *'
c:\bulletsharp\bulletsharppinvoke\libbulletc-windows\extras\serialize\bulletfileloader\bfile.cpp(1305): warning C4313: 'printf': '%d' in format string conflicts with argument 1 of type 'void *'
c:\bulletsharp\bulletsharppinvoke\libbulletc-windows\extras\serialize\bulletfileloader\bfile.cpp(1323): warning C4477: 'printf' : format string '%d' requires an argument of type 'int', but variadic argument 1 has type 'void *'
c:\bulletsharp\bulletsharppinvoke\libbulletc-windows\extras\serialize\bulletfileloader\bfile.cpp(1323): warning C4313: 'printf': '%d' in format string conflicts with argument 1 of type 'void *'
c:\bulletsharp\bulletsharppinvoke\libbulletc-windows\extras\serialize\bulletfileloader\bfile.cpp(1504): warning C4477: 'printf' : format string '%d' requires an argument of type 'int', but variadic argument 2 has type 'void *const '
c:\bulletsharp\bulletsharppinvoke\libbulletc-windows\extras\serialize\bulletfileloader\bfile.cpp(1504): warning C4313: 'printf': '%d' in format string conflicts with argument 2 of type 'void *const '
  bDNA.cpp
c:\bulletsharp\bulletsharppinvoke\libbulletc-windows\extras\serialize\bulletfileloader\bdna.cpp(279): warning C4267: 'initializing': conversion from 'size_t' to 'int', possible loss of data
c:\bulletsharp\bulletsharppinvoke\libbulletc-windows\extras\serialize\bulletfileloader\bdna.cpp(394): warning C4311: 'type cast': pointer truncation from 'char *' to 'long'
c:\bulletsharp\bulletsharppinvoke\libbulletc-windows\extras\serialize\bulletfileloader\bdna.cpp(394): warning C4302: 'type cast': truncation from 'char *' to 'long'
c:\bulletsharp\bulletsharppinvoke\libbulletc-windows\extras\serialize\bulletfileloader\bdna.cpp(430): warning C4311: 'type cast': pointer truncation from 'char *' to 'long'
c:\bulletsharp\bulletsharppinvoke\libbulletc-windows\extras\serialize\bulletfileloader\bdna.cpp(430): warning C4302: 'type cast': truncation from 'char *' to 'long'
c:\bulletsharp\bulletsharppinvoke\libbulletc-windows\extras\serialize\bulletfileloader\bdna.cpp(527): warning C4267: 'initializing': conversion from 'size_t' to 'int', possible loss of data
  bChunk.cpp
  hacdManifoldMesh.cpp
  hacdICHull.cpp
  hacdHACD.cpp
c:\bulletsharp\bulletsharppinvoke\libbulletc-windows\extras\hacd\hacdhacd.cpp(197): warning C4244: 'argument': conversion from 'size_t' to 'double', possible loss of data
  hacdGraph.cpp
  btGImpactConvexDecompositionShape.cpp
  vlookup.cpp
  splitplane.cpp
  raytri.cpp
  planetri.cpp
  meshvolume.cpp
  Generating Code...
  Compiling...
  float_math.cpp
  fitsphere.cpp
  ConvexDecomposition.cpp
  ConvexBuilder.cpp
  concavity.cpp
  cd_wavefront.cpp
  cd_hull.cpp
  bestfitobb.cpp
  bestfit.cpp
  Generating Code...
  clew.c
c:\bulletsharp\bulletsharppinvoke\libbulletc-windows\src\clew\clew.c(136): warning C4133: 'function': incompatible types - from 'const char *' to 'LPCWSTR'
  dllmain.cpp
     Creating library C:\BulletSharp\BulletSharpPInvoke\libbulletc-Windows\x64\Debug\libbulletc.lib and object C:\BulletSharp\BulletSharpPInvoke\libbulletc-Windows\x64\Debug\libbulletc.exp
  Win32Project1.vcxproj -> C:\BulletSharp\BulletSharpPInvoke\libbulletc-Windows\x64\Debug\libbulletc.dll
